------------------------------------------------------------
Client connecting to antares, TCP port 2526
TCP window size: 23.5 KByte (default)
------------------------------------------------------------
[  7] local 192.168.1.6 port 39764 connected with 192.168.1.173 port 2526
[  5] local 192.168.1.6 port 39762 connected with 192.168.1.173 port 2526
[  3] local 192.168.1.6 port 39763 connected with 192.168.1.173 port 2526
[  4] local 192.168.1.6 port 39761 connected with 192.168.1.173 port 2526
[  6] local 192.168.1.6 port 39765 connected with 192.168.1.173 port 2526
[ ID] Interval       Transfer     Bandwidth
[  3]  0.0- 1.0 sec  2.50 MBytes  21.0 Mbits/sec
[  6]  0.0- 1.0 sec  3.25 MBytes  27.3 Mbits/sec
[  7]  0.0- 1.0 sec  2.50 MBytes  21.0 Mbits/sec
[  5]  0.0- 1.0 sec  2.62 MBytes  22.0 Mbits/sec
[  4]  0.0- 1.0 sec  2.62 MBytes  22.0 Mbits/sec
[SUM]  0.0- 1.0 sec  13.5 MBytes   113 Mbits/sec
[  4]  1.0- 2.0 sec  2.38 MBytes  19.9 Mbits/sec
[  3]  1.0- 2.0 sec  2.38 MBytes  19.9 Mbits/sec
[  5]  1.0- 2.0 sec  2.38 MBytes  19.9 Mbits/sec
[  7]  1.0- 2.0 sec  2.25 MBytes  18.9 Mbits/sec
[  6]  1.0- 2.0 sec  3.25 MBytes  27.3 Mbits/sec
[SUM]  1.0- 2.0 sec  12.6 MBytes   106 Mbits/sec
[  6]  2.0- 3.0 sec  3.00 MBytes  25.2 Mbits/sec
[  4]  2.0- 3.0 sec  2.38 MBytes  19.9 Mbits/sec
[  3]  2.0- 3.0 sec  2.38 MBytes  19.9 Mbits/sec
[  5]  2.0- 3.0 sec  2.38 MBytes  19.9 Mbits/sec
[  7]  2.0- 3.0 sec  2.38 MBytes  19.9 Mbits/sec
[SUM]  2.0- 3.0 sec  12.5 MBytes   105 Mbits/sec
[  3]  3.0- 4.0 sec  2.25 MBytes  18.9 Mbits/sec
[  5]  3.0- 4.0 sec  2.12 MBytes  17.8 Mbits/sec
[  4]  3.0- 4.0 sec  2.12 MBytes  17.8 Mbits/sec
[  7]  3.0- 4.0 sec  2.12 MBytes  17.8 Mbits/sec
[  6]  3.0- 4.0 sec  3.50 MBytes  29.4 Mbits/sec
[SUM]  3.0- 4.0 sec  12.1 MBytes   102 Mbits/sec
[  7]  4.0- 5.0 sec  2.12 MBytes  17.8 Mbits/sec
[  6]  4.0- 5.0 sec  2.75 MBytes  23.1 Mbits/sec
[  4]  4.0- 5.0 sec  2.75 MBytes  23.1 Mbits/sec
[  3]  4.0- 5.0 sec  2.75 MBytes  23.1 Mbits/sec
[  5]  4.0- 5.0 sec  2.75 MBytes  23.1 Mbits/sec
[SUM]  4.0- 5.0 sec  13.1 MBytes   110 Mbits/sec
[  3]  5.0- 6.0 sec  1.88 MBytes  15.7 Mbits/sec
[  4]  5.0- 6.0 sec  2.00 MBytes  16.8 Mbits/sec
[  5]  5.0- 6.0 sec  2.00 MBytes  16.8 Mbits/sec
[  6]  5.0- 6.0 sec  3.50 MBytes  29.4 Mbits/sec
[  7]  5.0- 6.0 sec  2.50 MBytes  21.0 Mbits/sec
[SUM]  5.0- 6.0 sec  11.9 MBytes  99.6 Mbits/sec
[  4]  6.0- 7.0 sec  2.25 MBytes  18.9 Mbits/sec
[  5]  6.0- 7.0 sec  2.38 MBytes  19.9 Mbits/sec
[  3]  6.0- 7.0 sec  2.38 MBytes  19.9 Mbits/sec
[  7]  6.0- 7.0 sec  2.12 MBytes  17.8 Mbits/sec
[  6]  6.0- 7.0 sec  3.12 MBytes  26.2 Mbits/sec
[SUM]  6.0- 7.0 sec  12.2 MBytes   103 Mbits/sec
[  4]  7.0- 8.0 sec  2.62 MBytes  22.0 Mbits/sec
[  5]  7.0- 8.0 sec  2.50 MBytes  21.0 Mbits/sec
[  3]  7.0- 8.0 sec  2.62 MBytes  22.0 Mbits/sec
[  7]  7.0- 8.0 sec  2.50 MBytes  21.0 Mbits/sec
[  6]  7.0- 8.0 sec  3.50 MBytes  29.4 Mbits/sec
[SUM]  7.0- 8.0 sec  13.8 MBytes   115 Mbits/sec
[  3]  8.0- 9.0 sec  1.88 MBytes  15.7 Mbits/sec
[  7]  8.0- 9.0 sec  2.00 MBytes  16.8 Mbits/sec
[  6]  8.0- 9.0 sec  2.62 MBytes  22.0 Mbits/sec
[  4]  8.0- 9.0 sec  3.00 MBytes  25.2 Mbits/sec
[  5]  8.0- 9.0 sec  3.00 MBytes  25.2 Mbits/sec
[SUM]  8.0- 9.0 sec  12.5 MBytes   105 Mbits/sec
[  3]  9.0-10.0 sec  3.25 MBytes  27.2 Mbits/sec
[  3]  0.0-10.0 sec  24.2 MBytes  20.3 Mbits/sec
[  4]  9.0-10.0 sec  2.20 MBytes  18.4 Mbits/sec
[  4]  0.0-10.0 sec  24.3 MBytes  20.4 Mbits/sec
[  6]  9.0-10.0 sec  2.75 MBytes  23.1 Mbits/sec
[  6]  0.0-10.0 sec  31.4 MBytes  26.3 Mbits/sec
[  7]  9.0-10.0 sec  1.96 MBytes  16.4 Mbits/sec
[  7]  0.0-10.0 sec  22.5 MBytes  18.8 Mbits/sec
[  5]  9.0-10.0 sec  2.21 MBytes  18.6 Mbits/sec
[SUM]  9.0-10.0 sec  12.4 MBytes   104 Mbits/sec
[  5]  0.0-10.0 sec  24.3 MBytes  20.4 Mbits/sec
[SUM]  0.0-10.0 sec   127 MBytes   106 Mbits/sec
------------------------------------------------------------
Client connecting to ariane, TCP port 2530
TCP window size: 23.5 KByte (default)
------------------------------------------------------------
[  6] local 192.168.1.6 port 33731 connected with 192.168.1.181 port 2530
[  4] local 192.168.1.6 port 33727 connected with 192.168.1.181 port 2530
[  3] local 192.168.1.6 port 33728 connected with 192.168.1.181 port 2530
[  5] local 192.168.1.6 port 33729 connected with 192.168.1.181 port 2530
[  7] local 192.168.1.6 port 33730 connected with 192.168.1.181 port 2530
[ ID] Interval       Transfer     Bandwidth
[  4]  0.0- 1.0 sec  2.75 MBytes  23.1 Mbits/sec
[  7]  0.0- 1.0 sec  2.50 MBytes  21.0 Mbits/sec
[  3]  0.0- 1.0 sec  2.62 MBytes  22.0 Mbits/sec
[  5]  0.0- 1.0 sec  2.62 MBytes  22.0 Mbits/sec
[  6]  0.0- 1.0 sec  2.88 MBytes  24.1 Mbits/sec
[SUM]  0.0- 1.0 sec  13.4 MBytes   112 Mbits/sec
[  3]  1.0- 2.0 sec  2.38 MBytes  19.9 Mbits/sec
[  5]  1.0- 2.0 sec  2.38 MBytes  19.9 Mbits/sec
[  6]  1.0- 2.0 sec  2.62 MBytes  22.0 Mbits/sec
[  7]  1.0- 2.0 sec  2.62 MBytes  22.0 Mbits/sec
[  4]  1.0- 2.0 sec  2.62 MBytes  22.0 Mbits/sec
[SUM]  1.0- 2.0 sec  12.6 MBytes   106 Mbits/sec
[  6]  2.0- 3.0 sec  2.38 MBytes  19.9 Mbits/sec
[  4]  2.0- 3.0 sec  2.38 MBytes  19.9 Mbits/sec
[  3]  2.0- 3.0 sec  2.62 MBytes  22.0 Mbits/sec
[  5]  2.0- 3.0 sec  2.75 MBytes  23.1 Mbits/sec
[  7]  2.0- 3.0 sec  2.38 MBytes  19.9 Mbits/sec
[SUM]  2.0- 3.0 sec  12.5 MBytes   105 Mbits/sec
[  3]  3.0- 4.0 sec  2.12 MBytes  17.8 Mbits/sec
[  5]  3.0- 4.0 sec  2.38 MBytes  19.9 Mbits/sec
[  6]  3.0- 4.0 sec  2.75 MBytes  23.1 Mbits/sec
[  4]  3.0- 4.0 sec  2.88 MBytes  24.1 Mbits/sec
[  7]  3.0- 4.0 sec  2.62 MBytes  22.0 Mbits/sec
[SUM]  3.0- 4.0 sec  12.8 MBytes   107 Mbits/sec
[  6]  4.0- 5.0 sec  2.25 MBytes  18.9 Mbits/sec
[  4]  4.0- 5.0 sec  2.25 MBytes  18.9 Mbits/sec
[  3]  4.0- 5.0 sec  2.75 MBytes  23.1 Mbits/sec
[  7]  4.0- 5.0 sec  2.12 MBytes  17.8 Mbits/sec
[  5]  4.0- 5.0 sec  2.62 MBytes  22.0 Mbits/sec
[SUM]  4.0- 5.0 sec  12.0 MBytes   101 Mbits/sec
[  6]  5.0- 6.0 sec  2.25 MBytes  18.9 Mbits/sec
[  3]  5.0- 6.0 sec  2.25 MBytes  18.9 Mbits/sec
[  7]  5.0- 6.0 sec  2.25 MBytes  18.9 Mbits/sec
[  4]  5.0- 6.0 sec  2.12 MBytes  17.8 Mbits/sec
[  5]  5.0- 6.0 sec  2.25 MBytes  18.9 Mbits/sec
[SUM]  5.0- 6.0 sec  11.1 MBytes  93.3 Mbits/sec
[  6]  6.0- 7.0 sec  2.25 MBytes  18.9 Mbits/sec
[  3]  6.0- 7.0 sec  2.25 MBytes  18.9 Mbits/sec
[  7]  6.0- 7.0 sec  2.25 MBytes  18.9 Mbits/sec
[  4]  6.0- 7.0 sec  2.25 MBytes  18.9 Mbits/sec
[  5]  6.0- 7.0 sec  2.25 MBytes  18.9 Mbits/sec
[SUM]  6.0- 7.0 sec  11.2 MBytes  94.4 Mbits/sec
[  6]  7.0- 8.0 sec  2.25 MBytes  18.9 Mbits/sec
[  3]  7.0- 8.0 sec  2.25 MBytes  18.9 Mbits/sec
[  4]  7.0- 8.0 sec  2.25 MBytes  18.9 Mbits/sec
[  7]  7.0- 8.0 sec  2.25 MBytes  18.9 Mbits/sec
[  5]  7.0- 8.0 sec  2.25 MBytes  18.9 Mbits/sec
[SUM]  7.0- 8.0 sec  11.2 MBytes  94.4 Mbits/sec
[  6]  8.0- 9.0 sec  2.25 MBytes  18.9 Mbits/sec
[  3]  8.0- 9.0 sec  2.12 MBytes  17.8 Mbits/sec
[  4]  8.0- 9.0 sec  2.25 MBytes  18.9 Mbits/sec
[  7]  8.0- 9.0 sec  2.25 MBytes  18.9 Mbits/sec
[  5]  8.0- 9.0 sec  2.25 MBytes  18.9 Mbits/sec
[SUM]  8.0- 9.0 sec  11.1 MBytes  93.3 Mbits/sec
[  6]  9.0-10.0 sec  2.25 MBytes  18.9 Mbits/sec
[  6]  0.0-10.0 sec  24.2 MBytes  20.3 Mbits/sec
[  4]  9.0-10.0 sec  2.25 MBytes  18.9 Mbits/sec
[  4]  0.0-10.1 sec  24.1 MBytes  20.1 Mbits/sec
[  3]  9.0-10.0 sec  2.25 MBytes  18.9 Mbits/sec
[  3]  0.0-10.1 sec  23.8 MBytes  19.7 Mbits/sec
[  7]  9.0-10.0 sec  2.25 MBytes  18.9 Mbits/sec
[  7]  0.0-10.1 sec  23.6 MBytes  19.5 Mbits/sec
[  5]  9.0-10.0 sec  2.25 MBytes  18.9 Mbits/sec
[SUM]  9.0-10.0 sec  11.2 MBytes  94.4 Mbits/sec
[  5]  0.0-10.2 sec  24.1 MBytes  19.8 Mbits/sec
[SUM]  0.0-10.2 sec   120 MBytes  98.4 Mbits/sec
------------------------------------------------------------
Client connecting to wolf, TCP port 2528
TCP window size: 23.5 KByte (default)
------------------------------------------------------------
[  6] local 192.168.1.6 port 36828 connected with 192.168.1.183 port 2528
[  5] local 192.168.1.6 port 36824 connected with 192.168.1.183 port 2528
[  4] local 192.168.1.6 port 36825 connected with 192.168.1.183 port 2528
[  3] local 192.168.1.6 port 36826 connected with 192.168.1.183 port 2528
[  7] local 192.168.1.6 port 36827 connected with 192.168.1.183 port 2528
[ ID] Interval       Transfer     Bandwidth
[  5]  0.0- 1.0 sec  4.25 MBytes  35.7 Mbits/sec
[  4]  0.0- 1.0 sec  2.75 MBytes  23.1 Mbits/sec
[  7]  0.0- 1.0 sec  2.12 MBytes  17.8 Mbits/sec
[  3]  0.0- 1.0 sec  2.50 MBytes  21.0 Mbits/sec
[  6]  0.0- 1.0 sec  1.88 MBytes  15.7 Mbits/sec
[SUM]  0.0- 1.0 sec  13.5 MBytes   113 Mbits/sec
[  4]  1.0- 2.0 sec  2.38 MBytes  19.9 Mbits/sec
[  7]  1.0- 2.0 sec  2.12 MBytes  17.8 Mbits/sec
[  3]  1.0- 2.0 sec  2.12 MBytes  17.8 Mbits/sec
[  5]  1.0- 2.0 sec  4.50 MBytes  37.7 Mbits/sec
[  6]  1.0- 2.0 sec  1.62 MBytes  13.6 Mbits/sec
[SUM]  1.0- 2.0 sec  12.8 MBytes   107 Mbits/sec
[  5]  2.0- 3.0 sec  4.00 MBytes  33.6 Mbits/sec
[  7]  2.0- 3.0 sec  2.00 MBytes  16.8 Mbits/sec
[  3]  2.0- 3.0 sec  2.25 MBytes  18.9 Mbits/sec
[  6]  2.0- 3.0 sec  1.75 MBytes  14.7 Mbits/sec
[  4]  2.0- 3.0 sec  2.88 MBytes  24.1 Mbits/sec
[SUM]  2.0- 3.0 sec  12.9 MBytes   108 Mbits/sec
[  3]  3.0- 4.0 sec  2.12 MBytes  17.8 Mbits/sec
[  7]  3.0- 4.0 sec  1.88 MBytes  15.7 Mbits/sec
[  4]  3.0- 4.0 sec  2.38 MBytes  19.9 Mbits/sec
[  6]  3.0- 4.0 sec  1.62 MBytes  13.6 Mbits/sec
[  5]  3.0- 4.0 sec  4.62 MBytes  38.8 Mbits/sec
[SUM]  3.0- 4.0 sec  12.6 MBytes   106 Mbits/sec
[  5]  4.0- 5.0 sec  3.88 MBytes  32.5 Mbits/sec
[  4]  4.0- 5.0 sec  2.38 MBytes  19.9 Mbits/sec
[  3]  4.0- 5.0 sec  2.62 MBytes  22.0 Mbits/sec
[  6]  4.0- 5.0 sec  1.50 MBytes  12.6 Mbits/sec
[  7]  4.0- 5.0 sec  2.38 MBytes  19.9 Mbits/sec
[SUM]  4.0- 5.0 sec  12.8 MBytes   107 Mbits/sec
[  5]  5.0- 6.0 sec  4.62 MBytes  38.8 Mbits/sec
[  6]  5.0- 6.0 sec  1.50 MBytes  12.6 Mbits/sec
[  7]  5.0- 6.0 sec  1.75 MBytes  14.7 Mbits/sec
[  3]  5.0- 6.0 sec  1.88 MBytes  15.7 Mbits/sec
[  4]  5.0- 6.0 sec  2.75 MBytes  23.1 Mbits/sec
[SUM]  5.0- 6.0 sec  12.5 MBytes   105 Mbits/sec
[  3]  6.0- 7.0 sec  2.12 MBytes  17.8 Mbits/sec
[  6]  6.0- 7.0 sec  1.62 MBytes  13.6 Mbits/sec
[  5]  6.0- 7.0 sec  4.00 MBytes  33.6 Mbits/sec
[  7]  6.0- 7.0 sec  2.00 MBytes  16.8 Mbits/sec
[  4]  6.0- 7.0 sec  2.50 MBytes  21.0 Mbits/sec
[SUM]  6.0- 7.0 sec  12.2 MBytes   103 Mbits/sec
[  4]  7.0- 8.0 sec  1.88 MBytes  15.7 Mbits/sec
[  5]  7.0- 8.0 sec  4.12 MBytes  34.6 Mbits/sec
[  3]  7.0- 8.0 sec  2.50 MBytes  21.0 Mbits/sec
[  6]  7.0- 8.0 sec  1.75 MBytes  14.7 Mbits/sec
[  7]  7.0- 8.0 sec  2.25 MBytes  18.9 Mbits/sec
[SUM]  7.0- 8.0 sec  12.5 MBytes   105 Mbits/sec
[  3]  8.0- 9.0 sec  1.88 MBytes  15.7 Mbits/sec
[  6]  8.0- 9.0 sec  1.38 MBytes  11.5 Mbits/sec
[  4]  8.0- 9.0 sec  3.25 MBytes  27.3 Mbits/sec
[  7]  8.0- 9.0 sec  1.75 MBytes  14.7 Mbits/sec
[  5]  8.0- 9.0 sec  4.12 MBytes  34.6 Mbits/sec
[SUM]  8.0- 9.0 sec  12.4 MBytes   104 Mbits/sec
[  5]  9.0-10.0 sec  2.62 MBytes  22.0 Mbits/sec
[  5]  0.0-10.0 sec  40.9 MBytes  34.2 Mbits/sec
[  6]  9.0-10.0 sec  1.50 MBytes  12.6 Mbits/sec
[  6]  0.0-10.1 sec  16.2 MBytes  13.5 Mbits/sec
[  3]  9.0-10.0 sec  2.12 MBytes  17.8 Mbits/sec
[  3]  0.0-10.1 sec  22.2 MBytes  18.5 Mbits/sec
[  4]  9.0-10.0 sec  2.25 MBytes  18.9 Mbits/sec
[  4]  0.0-10.2 sec  25.5 MBytes  21.0 Mbits/sec
[  7]  9.0-10.0 sec  1.75 MBytes  14.7 Mbits/sec
[SUM]  9.0-10.0 sec  10.2 MBytes  86.0 Mbits/sec
[  7]  0.0-10.2 sec  20.1 MBytes  16.5 Mbits/sec
[SUM]  0.0-10.2 sec   125 MBytes   103 Mbits/sec
------------------------------------------------------------
Client connecting to xorion, TCP port 2529
TCP window size: 23.5 KByte (default)
------------------------------------------------------------
[  4] local 192.168.1.6 port 47108 connected with 192.168.1.190 port 2529
[  3] local 192.168.1.6 port 47104 connected with 192.168.1.190 port 2529
[  5] local 192.168.1.6 port 47105 connected with 192.168.1.190 port 2529
[  6] local 192.168.1.6 port 47106 connected with 192.168.1.190 port 2529
[  7] local 192.168.1.6 port 47107 connected with 192.168.1.190 port 2529
[ ID] Interval       Transfer     Bandwidth
[  6]  0.0- 1.0 sec  3.12 MBytes  26.2 Mbits/sec
[  7]  0.0- 1.0 sec  3.12 MBytes  26.2 Mbits/sec
[  3]  0.0- 1.0 sec  2.25 MBytes  18.9 Mbits/sec
[  5]  0.0- 1.0 sec  2.75 MBytes  23.1 Mbits/sec
[  4]  0.0- 1.0 sec  2.38 MBytes  19.9 Mbits/sec
[SUM]  0.0- 1.0 sec  13.6 MBytes   114 Mbits/sec
[  6]  1.0- 2.0 sec  2.88 MBytes  24.1 Mbits/sec
[  4]  1.0- 2.0 sec  2.00 MBytes  16.8 Mbits/sec
[  7]  1.0- 2.0 sec  3.00 MBytes  25.2 Mbits/sec
[  3]  1.0- 2.0 sec  2.12 MBytes  17.8 Mbits/sec
[  5]  1.0- 2.0 sec  2.50 MBytes  21.0 Mbits/sec
[SUM]  1.0- 2.0 sec  12.5 MBytes   105 Mbits/sec
[  7]  2.0- 3.0 sec  2.75 MBytes  23.1 Mbits/sec
[  5]  2.0- 3.0 sec  2.50 MBytes  21.0 Mbits/sec
[  4]  2.0- 3.0 sec  2.00 MBytes  16.8 Mbits/sec
[  6]  2.0- 3.0 sec  3.38 MBytes  28.3 Mbits/sec
[  3]  2.0- 3.0 sec  2.12 MBytes  17.8 Mbits/sec
[SUM]  2.0- 3.0 sec  12.8 MBytes   107 Mbits/sec
[  5]  3.0- 4.0 sec  2.25 MBytes  18.9 Mbits/sec
[  6]  3.0- 4.0 sec  2.75 MBytes  23.1 Mbits/sec
[  4]  3.0- 4.0 sec  1.88 MBytes  15.7 Mbits/sec
[  3]  3.0- 4.0 sec  1.88 MBytes  15.7 Mbits/sec
[  7]  3.0- 4.0 sec  3.25 MBytes  27.3 Mbits/sec
[SUM]  3.0- 4.0 sec  12.0 MBytes   101 Mbits/sec
[  4]  4.0- 5.0 sec  1.88 MBytes  15.7 Mbits/sec
[  7]  4.0- 5.0 sec  2.75 MBytes  23.1 Mbits/sec
[  3]  4.0- 5.0 sec  2.00 MBytes  16.8 Mbits/sec
[  6]  4.0- 5.0 sec  3.38 MBytes  28.3 Mbits/sec
[  5]  4.0- 5.0 sec  2.88 MBytes  24.1 Mbits/sec
[SUM]  4.0- 5.0 sec  12.9 MBytes   108 Mbits/sec
[  5]  5.0- 6.0 sec  2.62 MBytes  22.0 Mbits/sec
[  6]  5.0- 6.0 sec  2.50 MBytes  21.0 Mbits/sec
[  4]  5.0- 6.0 sec  2.25 MBytes  18.9 Mbits/sec
[  7]  5.0- 6.0 sec  3.12 MBytes  26.2 Mbits/sec
[  3]  5.0- 6.0 sec  2.25 MBytes  18.9 Mbits/sec
[SUM]  5.0- 6.0 sec  12.8 MBytes   107 Mbits/sec
[  7]  6.0- 7.0 sec  2.88 MBytes  24.1 Mbits/sec
[  4]  6.0- 7.0 sec  2.00 MBytes  16.8 Mbits/sec
[  3]  6.0- 7.0 sec  2.00 MBytes  16.8 Mbits/sec
[  5]  6.0- 7.0 sec  2.75 MBytes  23.1 Mbits/sec
[  6]  6.0- 7.0 sec  4.00 MBytes  33.6 Mbits/sec
[SUM]  6.0- 7.0 sec  13.6 MBytes   114 Mbits/sec
[  6]  7.0- 8.0 sec  2.25 MBytes  18.9 Mbits/sec
[  5]  7.0- 8.0 sec  1.75 MBytes  14.7 Mbits/sec
[  7]  7.0- 8.0 sec  3.38 MBytes  28.3 Mbits/sec
[  4]  7.0- 8.0 sec  2.25 MBytes  18.9 Mbits/sec
[  3]  7.0- 8.0 sec  2.38 MBytes  19.9 Mbits/sec
[SUM]  7.0- 8.0 sec  12.0 MBytes   101 Mbits/sec
[  7]  8.0- 9.0 sec  2.38 MBytes  19.9 Mbits/sec
[  4]  8.0- 9.0 sec  1.75 MBytes  14.7 Mbits/sec
[  3]  8.0- 9.0 sec  1.75 MBytes  14.7 Mbits/sec
[  6]  8.0- 9.0 sec  3.62 MBytes  30.4 Mbits/sec
[  5]  8.0- 9.0 sec  3.25 MBytes  27.3 Mbits/sec
[SUM]  8.0- 9.0 sec  12.8 MBytes   107 Mbits/sec
[  4]  9.0-10.0 sec  1.88 MBytes  15.7 Mbits/sec
[  4]  0.0-10.0 sec  20.4 MBytes  17.0 Mbits/sec
[  7]  9.0-10.0 sec  2.62 MBytes  22.0 Mbits/sec
[  7]  0.0-10.1 sec  29.4 MBytes  24.4 Mbits/sec
[  5]  9.0-10.0 sec  2.25 MBytes  18.9 Mbits/sec
[  5]  0.0-10.3 sec  25.6 MBytes  20.9 Mbits/sec
[  6]  9.0-10.0 sec  2.75 MBytes  23.1 Mbits/sec
[  6]  0.0-10.3 sec  30.8 MBytes  25.0 Mbits/sec
[  3]  9.0-10.0 sec  1.88 MBytes  15.7 Mbits/sec
[SUM]  9.0-10.0 sec  11.4 MBytes  95.4 Mbits/sec
[  3]  0.0-10.3 sec  20.8 MBytes  16.9 Mbits/sec
[SUM]  0.0-10.3 sec   127 MBytes   103 Mbits/sec
------------------------------------------------------------
Client connecting to devuan, TCP port 2527
TCP window size: 23.5 KByte (default)
------------------------------------------------------------
[  6] local 192.168.1.6 port 46505 connected with 192.168.1.216 port 2527
[  5] local 192.168.1.6 port 46501 connected with 192.168.1.216 port 2527
[  3] local 192.168.1.6 port 46503 connected with 192.168.1.216 port 2527
[  4] local 192.168.1.6 port 46502 connected with 192.168.1.216 port 2527
[  7] local 192.168.1.6 port 46504 connected with 192.168.1.216 port 2527
[ ID] Interval       Transfer     Bandwidth
[  5]  0.0- 1.0 sec  2.25 MBytes  18.9 Mbits/sec
[  4]  0.0- 1.0 sec  2.25 MBytes  18.9 Mbits/sec
[  7]  0.0- 1.0 sec  3.50 MBytes  29.4 Mbits/sec
[  6]  0.0- 1.0 sec  2.62 MBytes  22.0 Mbits/sec
[  3]  0.0- 1.0 sec  2.62 MBytes  22.0 Mbits/sec
[SUM]  0.0- 1.0 sec  13.2 MBytes   111 Mbits/sec
[  7]  1.0- 2.0 sec  3.38 MBytes  28.3 Mbits/sec
[  6]  1.0- 2.0 sec  2.25 MBytes  18.9 Mbits/sec
[  5]  1.0- 2.0 sec  2.38 MBytes  19.9 Mbits/sec
[  3]  1.0- 2.0 sec  2.50 MBytes  21.0 Mbits/sec
[  4]  1.0- 2.0 sec  2.38 MBytes  19.9 Mbits/sec
[SUM]  1.0- 2.0 sec  12.9 MBytes   108 Mbits/sec
[  5]  2.0- 3.0 sec  2.00 MBytes  16.8 Mbits/sec
[  7]  2.0- 3.0 sec  3.50 MBytes  29.4 Mbits/sec
[  3]  2.0- 3.0 sec  2.38 MBytes  19.9 Mbits/sec
[  6]  2.0- 3.0 sec  2.62 MBytes  22.0 Mbits/sec
[  4]  2.0- 3.0 sec  2.12 MBytes  17.8 Mbits/sec
[SUM]  2.0- 3.0 sec  12.6 MBytes   106 Mbits/sec
[  4]  3.0- 4.0 sec  2.00 MBytes  16.8 Mbits/sec
[  6]  3.0- 4.0 sec  2.38 MBytes  19.9 Mbits/sec
[  7]  3.0- 4.0 sec  3.75 MBytes  31.5 Mbits/sec
[  5]  3.0- 4.0 sec  2.50 MBytes  21.0 Mbits/sec
[  3]  3.0- 4.0 sec  2.62 MBytes  22.0 Mbits/sec
[SUM]  3.0- 4.0 sec  13.2 MBytes   111 Mbits/sec
[  4]  4.0- 5.0 sec  2.00 MBytes  16.8 Mbits/sec
[  7]  4.0- 5.0 sec  3.12 MBytes  26.2 Mbits/sec
[  6]  4.0- 5.0 sec  2.25 MBytes  18.9 Mbits/sec
[  5]  4.0- 5.0 sec  2.12 MBytes  17.8 Mbits/sec
[  3]  4.0- 5.0 sec  2.25 MBytes  18.9 Mbits/sec
[SUM]  4.0- 5.0 sec  11.8 MBytes  98.6 Mbits/sec
[  5]  5.0- 6.0 sec  1.88 MBytes  15.7 Mbits/sec
[  3]  5.0- 6.0 sec  2.00 MBytes  16.8 Mbits/sec
[  7]  5.0- 6.0 sec  3.75 MBytes  31.5 Mbits/sec
[  4]  5.0- 6.0 sec  2.38 MBytes  19.9 Mbits/sec
[  6]  5.0- 6.0 sec  2.62 MBytes  22.0 Mbits/sec
[SUM]  5.0- 6.0 sec  12.6 MBytes   106 Mbits/sec
[  7]  6.0- 7.0 sec  3.25 MBytes  27.3 Mbits/sec
[  4]  6.0- 7.0 sec  2.12 MBytes  17.8 Mbits/sec
[  6]  6.0- 7.0 sec  2.38 MBytes  19.9 Mbits/sec
[  5]  6.0- 7.0 sec  2.88 MBytes  24.1 Mbits/sec
[  3]  6.0- 7.0 sec  3.12 MBytes  26.2 Mbits/sec
[SUM]  6.0- 7.0 sec  13.8 MBytes   115 Mbits/sec
[  6]  7.0- 8.0 sec  1.75 MBytes  14.7 Mbits/sec
[  5]  7.0- 8.0 sec  1.62 MBytes  13.6 Mbits/sec
[  3]  7.0- 8.0 sec  1.88 MBytes  15.7 Mbits/sec
[  7]  7.0- 8.0 sec  3.75 MBytes  31.5 Mbits/sec
[  4]  7.0- 8.0 sec  2.38 MBytes  19.9 Mbits/sec
[SUM]  7.0- 8.0 sec  11.4 MBytes  95.4 Mbits/sec
[  7]  8.0- 9.0 sec  2.75 MBytes  23.1 Mbits/sec
[  4]  8.0- 9.0 sec  1.88 MBytes  15.7 Mbits/sec
[  3]  8.0- 9.0 sec  2.88 MBytes  24.1 Mbits/sec
[  6]  8.0- 9.0 sec  3.00 MBytes  25.2 Mbits/sec
[  5]  8.0- 9.0 sec  2.75 MBytes  23.1 Mbits/sec
[SUM]  8.0- 9.0 sec  13.2 MBytes   111 Mbits/sec
[  4]  9.0-10.0 sec  2.00 MBytes  16.8 Mbits/sec
[  4]  0.0-10.2 sec  21.6 MBytes  17.9 Mbits/sec
[  6]  9.0-10.0 sec  2.25 MBytes  18.9 Mbits/sec
[  6]  0.0-10.3 sec  24.2 MBytes  19.8 Mbits/sec
[  3]  9.0-10.0 sec  2.38 MBytes  19.9 Mbits/sec
[  3]  0.0-10.3 sec  24.8 MBytes  20.1 Mbits/sec
[  5]  9.0-10.0 sec  2.12 MBytes  17.8 Mbits/sec
[  5]  0.0-10.4 sec  22.6 MBytes  18.3 Mbits/sec
[  7]  9.0-10.0 sec  4.12 MBytes  34.6 Mbits/sec
[SUM]  9.0-10.0 sec  12.9 MBytes   108 Mbits/sec
[  7]  0.0-10.4 sec  35.0 MBytes  28.2 Mbits/sec
[SUM]  0.0-10.4 sec   128 MBytes   103 Mbits/sec
------------------------------------------------------------
Client connecting to dell01, TCP port 2531
TCP window size: 23.5 KByte (default)
------------------------------------------------------------
[  3] local 192.168.1.6 port 42458 connected with 192.168.1.182 port 2531
[  4] local 192.168.1.6 port 42454 connected with 192.168.1.182 port 2531
[  5] local 192.168.1.6 port 42455 connected with 192.168.1.182 port 2531
[  7] local 192.168.1.6 port 42456 connected with 192.168.1.182 port 2531
[  6] local 192.168.1.6 port 42457 connected with 192.168.1.182 port 2531
[ ID] Interval       Transfer     Bandwidth
[  3]  0.0- 1.0 sec  3.50 MBytes  29.4 Mbits/sec
[  4]  0.0- 1.0 sec  2.00 MBytes  16.8 Mbits/sec
[  5]  0.0- 1.0 sec  3.00 MBytes  25.2 Mbits/sec
[  6]  0.0- 1.0 sec  3.00 MBytes  25.2 Mbits/sec
[  7]  0.0- 1.0 sec  2.38 MBytes  19.9 Mbits/sec
[SUM]  0.0- 1.0 sec  13.9 MBytes   116 Mbits/sec
[  3]  1.0- 2.0 sec  3.25 MBytes  27.3 Mbits/sec
[  6]  1.0- 2.0 sec  2.38 MBytes  19.9 Mbits/sec
[  4]  1.0- 2.0 sec  1.75 MBytes  14.7 Mbits/sec
[  5]  1.0- 2.0 sec  2.75 MBytes  23.1 Mbits/sec
[  7]  1.0- 2.0 sec  2.12 MBytes  17.8 Mbits/sec
[SUM]  1.0- 2.0 sec  12.2 MBytes   103 Mbits/sec
[  4]  2.0- 3.0 sec  1.50 MBytes  12.6 Mbits/sec
[  6]  2.0- 3.0 sec  2.62 MBytes  22.0 Mbits/sec
[  5]  2.0- 3.0 sec  2.62 MBytes  22.0 Mbits/sec
[  3]  2.0- 3.0 sec  3.50 MBytes  29.4 Mbits/sec
[  7]  2.0- 3.0 sec  2.12 MBytes  17.8 Mbits/sec
[SUM]  2.0- 3.0 sec  12.4 MBytes   104 Mbits/sec
[  4]  3.0- 4.0 sec  1.75 MBytes  14.7 Mbits/sec
[  7]  3.0- 4.0 sec  1.88 MBytes  15.7 Mbits/sec
[  5]  3.0- 4.0 sec  3.12 MBytes  26.2 Mbits/sec
[  6]  3.0- 4.0 sec  2.88 MBytes  24.1 Mbits/sec
[  3]  3.0- 4.0 sec  3.75 MBytes  31.5 Mbits/sec
[SUM]  3.0- 4.0 sec  13.4 MBytes   112 Mbits/sec
[  7]  4.0- 5.0 sec  2.00 MBytes  16.8 Mbits/sec
[  5]  4.0- 5.0 sec  2.62 MBytes  22.0 Mbits/sec
[  6]  4.0- 5.0 sec  2.50 MBytes  21.0 Mbits/sec
[  3]  4.0- 5.0 sec  3.12 MBytes  26.2 Mbits/sec
[  4]  4.0- 5.0 sec  2.00 MBytes  16.8 Mbits/sec
[SUM]  4.0- 5.0 sec  12.2 MBytes   103 Mbits/sec
[  4]  5.0- 6.0 sec  1.50 MBytes  12.6 Mbits/sec
[  5]  5.0- 6.0 sec  3.00 MBytes  25.2 Mbits/sec
[  7]  5.0- 6.0 sec  2.38 MBytes  19.9 Mbits/sec
[  3]  5.0- 6.0 sec  3.62 MBytes  30.4 Mbits/sec
[  6]  5.0- 6.0 sec  3.00 MBytes  25.2 Mbits/sec
[SUM]  5.0- 6.0 sec  13.5 MBytes   113 Mbits/sec
[  4]  6.0- 7.0 sec  1.75 MBytes  14.7 Mbits/sec
[  5]  6.0- 7.0 sec  2.75 MBytes  23.1 Mbits/sec
[  3]  6.0- 7.0 sec  3.38 MBytes  28.3 Mbits/sec
[  7]  6.0- 7.0 sec  2.12 MBytes  17.8 Mbits/sec
[  6]  6.0- 7.0 sec  2.62 MBytes  22.0 Mbits/sec
[SUM]  6.0- 7.0 sec  12.6 MBytes   106 Mbits/sec
[  6]  7.0- 8.0 sec  1.88 MBytes  15.7 Mbits/sec
[  7]  7.0- 8.0 sec  1.50 MBytes  12.6 Mbits/sec
[  4]  7.0- 8.0 sec  2.00 MBytes  16.8 Mbits/sec
[  5]  7.0- 8.0 sec  3.25 MBytes  27.3 Mbits/sec
[  3]  7.0- 8.0 sec  3.75 MBytes  31.5 Mbits/sec
[SUM]  7.0- 8.0 sec  12.4 MBytes   104 Mbits/sec
[  5]  8.0- 9.0 sec  2.25 MBytes  18.9 Mbits/sec
[  4]  8.0- 9.0 sec  1.50 MBytes  12.6 Mbits/sec
[  6]  8.0- 9.0 sec  3.38 MBytes  28.3 Mbits/sec
[  7]  8.0- 9.0 sec  2.62 MBytes  22.0 Mbits/sec
[  3]  8.0- 9.0 sec  2.62 MBytes  22.0 Mbits/sec
[SUM]  8.0- 9.0 sec  12.4 MBytes   104 Mbits/sec
[  5]  9.0-10.0 sec  2.50 MBytes  21.0 Mbits/sec
[  5]  0.0-10.1 sec  28.0 MBytes  23.2 Mbits/sec
[  6]  9.0-10.0 sec  2.38 MBytes  19.9 Mbits/sec
[  6]  0.0-10.2 sec  26.8 MBytes  22.1 Mbits/sec
[  4]  9.0-10.0 sec  1.62 MBytes  13.6 Mbits/sec
[  4]  0.0-10.2 sec  17.5 MBytes  14.4 Mbits/sec
[  3]  9.0-10.0 sec  2.75 MBytes  23.1 Mbits/sec
[  3]  0.0-10.3 sec  33.4 MBytes  27.3 Mbits/sec
[  7]  9.0-10.0 sec  1.88 MBytes  15.7 Mbits/sec
[SUM]  9.0-10.0 sec  11.1 MBytes  93.3 Mbits/sec
[  7]  0.0-10.3 sec  21.1 MBytes  17.3 Mbits/sec
[SUM]  0.0-10.3 sec   127 MBytes   104 Mbits/sec
